<?xml version="1.0" encoding="UTF-8" ?>
<testsuite tests="56" failures="0" name="org.tektutor.TestRunner" time="0.32" errors="0" skipped="0">
  <properties>
[...]
</properties>
  <testcase classname="Scenario: Should be able to evaluate simple addition" name="Given the input is \&quot;10 15 +\&quot;" time="0"/>
  <testcase classname="Scenario: Should be able to evaluate simple addition" name="When I invoke evaluate method" time="0"/>
  <testcase classname="Scenario: Should be able to evaluate simple addition" name="Then I expect \&quot;25.0\&quot; as the result" time="0"/>
  <testcase classname="Scenario: Should be able to evaluate simple addition" name="Scenario: Should be able to evaluate simple addition" time="0"/>
  <testcase classname="| \&quot;10 15 +\&quot; | \&quot;25.0\&quot; |" name="Given the input is \&quot;10 15 +\&quot;" time="0"/>
  <testcase classname="| \&quot;10 15 +\&quot; | \&quot;25.0\&quot; |" name="When I invoke evaluate method" time="0"/>
  <testcase classname="| \&quot;10 15 +\&quot; | \&quot;25.0\&quot; |" name="Then I expect \&quot;25.0\&quot; as the result" time="0"/>
  <testcase classname="| \&quot;10 15 +\&quot; | \&quot;25.0\&quot; |" name="| \&quot;10 15 +\&quot; | \&quot;25.0\&quot; |" time="0"/>
  <testcase classname="| \&quot;100 150 +\&quot; | \&quot;250.0\&quot; |" name="Given the input is \&quot;100 150 +\&quot;" time="0.001"/>
  <testcase classname="| \&quot;100 150 +\&quot; | \&quot;250.0\&quot; |" name="When I invoke evaluate method" time="0"/>
  <testcase classname="| \&quot;100 150 +\&quot; | \&quot;250.0\&quot; |" name="Then I expect \&quot;250.0\&quot; as the result" time="0"/>
  <testcase classname="| \&quot;100 150 +\&quot; | \&quot;250.0\&quot; |" name="| \&quot;100 150 +\&quot; | \&quot;250.0\&quot; |" time="0"/>
  <testcase classname="| \&quot;200 15 +\&quot; | \&quot;215.0\&quot; |" name="Given the input is \&quot;200 15 +\&quot;" time="0"/>
  <testcase classname="| \&quot;200 15 +\&quot; | \&quot;215.0\&quot; |" name="When I invoke evaluate method" time="0"/>
  <testcase classname="| \&quot;200 15 +\&quot; | \&quot;215.0\&quot; |" name="Then I expect \&quot;215.0\&quot; as the result" time="0"/>
  <testcase classname="| \&quot;200 15 +\&quot; | \&quot;215.0\&quot; |" name="| \&quot;200 15 +\&quot; | \&quot;215.0\&quot; |" time="0"/>
  <testcase classname="| \&quot;25 15 -\&quot; | \&quot;10.0\&quot; |" name="Given the input is \&quot;25 15 -\&quot;" time="0.001"/>
  <testcase classname="| \&quot;25 15 -\&quot; | \&quot;10.0\&quot; |" name="When I invoke evaluate method" time="0"/>
  <testcase classname="| \&quot;25 15 -\&quot; | \&quot;10.0\&quot; |" name="Then I expect \&quot;10.0\&quot; as the result" time="0"/>
  <testcase classname="| \&quot;25 15 -\&quot; | \&quot;10.0\&quot; |" name="| \&quot;25 15 -\&quot; | \&quot;10.0\&quot; |" time="0"/>
  <testcase classname="| \&quot;150 100 -\&quot; | \&quot;50.0\&quot; |" name="Given the input is \&quot;150 100 -\&quot;" time="0"/>
  <testcase classname="| \&quot;150 100 -\&quot; | \&quot;50.0\&quot; |" name="When I invoke evaluate method" time="0.001"/>
  <testcase classname="| \&quot;150 100 -\&quot; | \&quot;50.0\&quot; |" name="Then I expect \&quot;50.0\&quot; as the result" time="0"/>
  <testcase classname="| \&quot;150 100 -\&quot; | \&quot;50.0\&quot; |" name="| \&quot;150 100 -\&quot; | \&quot;50.0\&quot; |" time="0"/>
  <testcase classname="| \&quot;200 15 -\&quot; | \&quot;185.0\&quot; |" name="Given the input is \&quot;200 15 -\&quot;" time="0"/>
  <testcase classname="| \&quot;200 15 -\&quot; | \&quot;185.0\&quot; |" name="When I invoke evaluate method" time="0"/>
  <testcase classname="| \&quot;200 15 -\&quot; | \&quot;185.0\&quot; |" name="Then I expect \&quot;185.0\&quot; as the result" time="0"/>
  <testcase classname="| \&quot;200 15 -\&quot; | \&quot;185.0\&quot; |" name="| \&quot;200 15 -\&quot; | \&quot;185.0\&quot; |" time="0"/>
  <testcase classname="| \&quot;25 10 *\&quot; | \&quot;250.0\&quot; |" name="Given the input is \&quot;25 10 *\&quot;" time="0"/>
  <testcase classname="| \&quot;25 10 *\&quot; | \&quot;250.0\&quot; |" name="When I invoke evaluate method" time="0"/>
  <testcase classname="| \&quot;25 10 *\&quot; | \&quot;250.0\&quot; |" name="Then I expect \&quot;250.0\&quot; as the result" time="0"/>
  <testcase classname="| \&quot;25 10 *\&quot; | \&quot;250.0\&quot; |" name="| \&quot;25 10 *\&quot; | \&quot;250.0\&quot; |" time="0"/>
  <testcase classname="| \&quot;150 100 *\&quot; | \&quot;15000.0\&quot; |" name="Given the input is \&quot;150 100 *\&quot;" time="0"/>
  <testcase classname="| \&quot;150 100 *\&quot; | \&quot;15000.0\&quot; |" name="When I invoke evaluate method" time="0"/>
  <testcase classname="| \&quot;150 100 *\&quot; | \&quot;15000.0\&quot; |" name="Then I expect \&quot;15000.0\&quot; as the result" time="0"/>
  <testcase classname="| \&quot;150 100 *\&quot; | \&quot;15000.0\&quot; |" name="| \&quot;150 100 *\&quot; | \&quot;15000.0\&quot; |" time="0"/>
  <testcase classname="| \&quot;200 10 *\&quot; | \&quot;2000.0\&quot; |" name="Given the input is \&quot;200 10 *\&quot;" time="0"/>
  <testcase classname="| \&quot;200 10 *\&quot; | \&quot;2000.0\&quot; |" name="When I invoke evaluate method" time="0"/>
  <testcase classname="| \&quot;200 10 *\&quot; | \&quot;2000.0\&quot; |" name="Then I expect \&quot;2000.0\&quot; as the result" time="0"/>
  <testcase classname="| \&quot;200 10 *\&quot; | \&quot;2000.0\&quot; |" name="| \&quot;200 10 *\&quot; | \&quot;2000.0\&quot; |" time="0"/>
  <testcase classname="| \&quot;25 5 \/\&quot; | \&quot;5.0\&quot; |" name="Given the input is \&quot;25 5 \/\&quot;" time="0.001"/>
  <testcase classname="| \&quot;25 5 \/\&quot; | \&quot;5.0\&quot; |" name="When I invoke evaluate method" time="0"/>
  <testcase classname="| \&quot;25 5 \/\&quot; | \&quot;5.0\&quot; |" name="Then I expect \&quot;5.0\&quot; as the result" time="0"/>
  <testcase classname="| \&quot;25 5 \/\&quot; | \&quot;5.0\&quot; |" name="| \&quot;25 5 \/\&quot; | \&quot;5.0\&quot; |" time="0"/>
  <testcase classname="| \&quot;100 100 \/\&quot; | \&quot;1.0\&quot; |" name="Given the input is \&quot;100 100 \/\&quot;" time="0"/>
  <testcase classname="| \&quot;100 100 \/\&quot; | \&quot;1.0\&quot; |" name="When I invoke evaluate method" time="0"/>
  <testcase classname="| \&quot;100 100 \/\&quot; | \&quot;1.0\&quot; |" name="Then I expect \&quot;1.0\&quot; as the result" time="0"/>
  <testcase classname="| \&quot;100 100 \/\&quot; | \&quot;1.0\&quot; |" name="| \&quot;100 100 \/\&quot; | \&quot;1.0\&quot; |" time="0"/>
  <testcase classname="| \&quot;200 10 \/\&quot; | \&quot;20.0\&quot; |" name="Given the input is \&quot;200 10 \/\&quot;" time="0"/>
  <testcase classname="| \&quot;200 10 \/\&quot; | \&quot;20.0\&quot; |" name="When I invoke evaluate method" time="0"/>
  <testcase classname="| \&quot;200 10 \/\&quot; | \&quot;20.0\&quot; |" name="Then I expect \&quot;20.0\&quot; as the result" time="0"/>
  <testcase classname="| \&quot;200 10 \/\&quot; | \&quot;20.0\&quot; |" name="| \&quot;200 10 \/\&quot; | \&quot;20.0\&quot; |" time="0"/>
  <testcase classname="Scenario: Should be able to evaluate complex rpn expression" name="Given the input is \&quot;15 7 1 1 + - \/ 3 * 2 1 1 + + -\&quot;" time="0"/>
  <testcase classname="Scenario: Should be able to evaluate complex rpn expression" name="When I invoke evaluate method" time="0"/>
  <testcase classname="Scenario: Should be able to evaluate complex rpn expression" name="Then I expect \&quot;5.0\&quot; as the result" time="0"/>
  <testcase classname="Scenario: Should be able to evaluate complex rpn expression" name="Scenario: Should be able to evaluate complex rpn expression" time="0.001"/>
</testsuite>