<?xml version="1.0" encoding="UTF-8"?>
<testsuite name="org.tektutor.TestRunner" tests="0" skipped="0" failures="0" errors="0" timestamp="1970-01-01T00:00:00" hostname="centos15" time="0.0">
  <properties/>
  <system-out><![CDATA[
1 Scenarios (?[33m1 pending?[0m)
3 Steps (?[36m2 skipped?[0m, ?[33m1 pending?[0m)
0m0.070s

cucumber.api.PendingException: TODO: implement me
	at org.tektutor.Steps.the_input_is(Steps.java:13)
	at ✽.Given the input is "10 15 +"(src/test/resources/RPNCalculator.feature:5)

]]></system-out>
  <system-err><![CDATA[]]></system-err>
</testsuite>
